=== 分析开始 ===
[2025-02-15 23:22:25]  开始数据读取
=== 分析开始 ===
[2025-02-15 23:22:35]  开始数据读取
[2025-02-15 23:22:37]  有效记录数: 34814
[2025-02-15 23:22:37]  开始网络构建
=== 分析开始 ===
[2025-02-15 23:22:54]  开始数据读取
[2025-02-15 23:22:55]  有效记录数: 34814
[2025-02-15 23:22:55]  开始网络构建
[2025-02-15 23:23:23]  构建完成26个时间切片
[2025-02-15 23:23:23]  开始模型拟合
[2025-02-15 23:23:23]  模型错误: 参数没有用(MCMC.interval = 2000) 
=== 分析启动:  2025-02-15 23:26:04  ===
[预处理] 开始读取数据...
[预处理] 有效记录: 34808 条
[网络构建] 开始创建动态网络...
[网络构建] 生成25个时间切片
[模型拟合] 开始TERGM建模...
建模失败: 参数没有用(MCMC.init.burnin = 5000, MCMC.burnin.min = 10000, MCMC.burnin.max = 30000) 
=== 分析启动:  2025-02-16 08:21:32  ===
[预处理] 开始读取数据...
[预处理] 有效记录: 34808 条
[网络构建] 开始创建动态网络...
=== 分析启动:  2025-02-16 08:21:42  ===
[预处理] 开始读取数据...
[预处理] 有效记录: 34808 条
[网络构建] 开始创建动态网络...
[网络构建] 生成25个时间切片
[模型拟合] 开始TERGM建模...
建模失败: 参数没有用(MCMC.samplesize = 5000, CMLE.maxit = 50) 
=== 分析启动:  2025-02-16 08:30:55  ===
[预处理] 开始读取数据...
[预处理] 有效记录: 34808 条
[网络构建] 开始创建动态网络...
网络构建失败: 类别为“dsTMatrix”的对象无效: uplo="U" but there are entries below the diagonal 
=== 分析启动:  2025-02-16 08:31:04  ===
[预处理] 开始读取数据...
[预处理] 有效记录: 34808 条
[网络构建] 开始创建动态网络...
网络构建失败: 类别为“dsTMatrix”的对象无效: uplo="U" but there are entries below the diagonal 
=== 分析启动:  2025-02-16 08:34:33  ===
[预处理] 开始读取数据...
[预处理] 有效记录: 34808 条
[网络构建] 开始创建动态网络...
网络构建失败: 类别为“dsTMatrix”的对象无效: uplo="U" but there are entries below the diagonal 
=== 分析启动:  2025-02-16 08:34:54  ===
[预处理] 开始读取数据...
[预处理] 有效记录: 34808 条
[网络构建] 开始创建动态网络...
网络构建失败: 类别为“dsTMatrix”的对象无效: uplo="U" but there are entries below the diagonal 
=== 分析启动:  2025-02-16 08:36:30  ===
[预处理] 开始读取数据...
[预处理] 有效记录: 34808 条
[网络构建] 开始创建动态网络...
网络构建失败: 类别为“dsTMatrix”的对象无效: uplo="U" but there are entries below the diagonal 
